<?xml version="1.0" encoding="UTF-8"?>
<!-- Generated by org.testng.reporters.JUnitXMLReporter -->
<testsuite hostname="DESKTOP-3BEJG3S" ignored="2" name="MySecondTest" tests="1" failures="0" timestamp="2022-12-22T12:28:59 IST" time="29.442" errors="0">
  <testcase name="getalloptions" time="7.825" classname="testCases.ManageOrderPageTestCases"/>
  <testcase name="verifyStatusDropDownSize" time="0.0" classname="testCases.ManageOrderPageTestCases">
    <ignored/>
  </testcase> <!-- verifyStatusDropDownSize -->
  <testcase name="verifyThatOrderIdAndPaymentModeWhileClickingSearchOption" time="0.0" classname="testCases.ManageOrderPageTestCases">
    <ignored/>
  </testcase> <!-- verifyThatOrderIdAndPaymentModeWhileClickingSearchOption -->
</testsuite> <!-- MySecondTest -->
