<?xml version="1.0" encoding="UTF-8"?>
<!-- Generated by org.testng.reporters.JUnitXMLReporter -->
<testsuite hostname="DESKTOP-3BEJG3S" ignored="3" name="MySecondTest" tests="1" failures="0" timestamp="2023-01-16T13:28:32 IST" time="30.322" errors="0">
  <testcase name="verifyThatOrderIdAndPaymentModeWhileClickingSearchOption" time="5.58" classname="testCases.ManageOrderPageTestCases"/>
  <testcase name="verifyStatusDropDownSize" time="0.0" classname="testCases.ManageOrderPageTestCases">
    <ignored/>
  </testcase> <!-- verifyStatusDropDownSize -->
  <testcase name="verifyThePaymentModeList" time="0.0" classname="testCases.ManageOrderPageTestCases">
    <ignored/>
  </testcase> <!-- verifyThePaymentModeList -->
  <testcase name="verifyTheChangeDeliveryDateOfSearchedOrder" time="0.0" classname="testCases.ManageOrderPageTestCases">
    <ignored/>
  </testcase> <!-- verifyTheChangeDeliveryDateOfSearchedOrder -->
</testsuite> <!-- MySecondTest -->
