<?xml version="1.0" encoding="UTF-8"?>
<!-- Generated by org.testng.reporters.JUnitXMLReporter -->
<testsuite hostname="DESKTOP-3BEJG3S" ignored="30" name="My Test" tests="3" failures="0" timestamp="2023-01-16T17:22:39 IST" time="43.69" errors="0">
  <testcase name="validateToolTip" time="7.403" classname="testCases.ManageDeliverBoyTestCases"/>
  <testcase name="verifyTheTitleOfMsp" time="5.036" classname="testCases.MobileSliderTestCases"/>
  <testcase name="verifyTheTitleOfPnPage" time="2.342" classname="testCases.PushNotificationTestCases"/>
  <testcase name="verifyDeleteOptionWorkinSucessfully" time="0.0" classname="testCases.ManageProductPageTestCases">
    <ignored/>
  </testcase> <!-- verifyDeleteOptionWorkinSucessfully -->
  <testcase name="verifyStatusDropDownSize" time="0.0" classname="testCases.ManageOrderPageTestCases">
    <ignored/>
  </testcase> <!-- verifyStatusDropDownSize -->
  <testcase name="verifyTheAlertTextBgColor" time="0.0" classname="testCases.PushNotificationTestCases">
    <ignored/>
  </testcase> <!-- verifyTheAlertTextBgColor -->
  <testcase name="verifyTitleOfManageUsers" time="0.0" classname="testCases.DashboardTestCases">
    <ignored/>
  </testcase> <!-- verifyTitleOfManageUsers -->
  <testcase name="verifyThePaymentModeList" time="0.0" classname="testCases.ManageOrderPageTestCases">
    <ignored/>
  </testcase> <!-- verifyThePaymentModeList -->
  <testcase name="verify_The_Pdt_Stock_Status" time="0.0" classname="testCases.ManageProductPageTestCases">
    <ignored/>
  </testcase> <!-- verify_The_Pdt_Stock_Status -->
  <testcase name="verifyTheFirstImgStatus" time="0.0" classname="testCases.MobileSliderTestCases">
    <ignored/>
  </testcase> <!-- verifyTheFirstImgStatus -->
  <testcase name="verifySearchBtnIsClickable" time="0.0" classname="testCases.ManageDeliverBoyTestCases">
    <ignored/>
  </testcase> <!-- verifySearchBtnIsClickable -->
  <testcase name="excelRead" time="0.0" classname="testCases.LoginTestCases">
    <ignored/>
  </testcase> <!-- excelRead -->
  <testcase name="verifyAddAlreadyExistsUserDetails" time="0.0" classname="testCases.AdminUsersPageTestCases">
    <ignored/>
  </testcase> <!-- verifyAddAlreadyExistsUserDetails -->
  <testcase name="home_Background_Clr_Style_Verification" time="0.0" classname="testCases.DashboardTestCases">
    <ignored/>
  </testcase> <!-- home_Background_Clr_Style_Verification -->
  <testcase name="profileNameStyleValidation" time="0.0" classname="testCases.LoginTestCases">
    <ignored/>
  </testcase> <!-- profileNameStyleValidation -->
  <testcase name="verifyTheStockRadioBtnIsSelectedByDefault" time="0.0" classname="testCases.ManageProductPageTestCases">
    <ignored/>
  </testcase> <!-- verifyTheStockRadioBtnIsSelectedByDefault -->
  <testcase name="remenberMeCheckBoxValidation" time="0.0" classname="testCases.LoginTestCases">
    <ignored/>
  </testcase> <!-- remenberMeCheckBoxValidation -->
  <testcase name="verifyTheSearchBtnWorking" time="0.0" classname="testCases.AdminUsersPageTestCases">
    <ignored/>
  </testcase> <!-- verifyTheSearchBtnWorking -->
  <testcase name="verifyLoginProfile" time="0.0" classname="testCases.LoginTestCases">
    <ignored/>
  </testcase> <!-- verifyLoginProfile -->
  <testcase name="verifyLoginProfile" time="0.0" classname="testCases.LoginTestCases">
    <ignored/>
  </testcase> <!-- verifyLoginProfile -->
  <testcase name="verifyTheFirstImgIsDisplayed" time="0.0" classname="testCases.MobileSliderTestCases">
    <ignored/>
  </testcase> <!-- verifyTheFirstImgIsDisplayed -->
  <testcase name="verifyThatUploadedImageIsDisplayed" time="0.0" classname="testCases.ManageProductPageTestCases">
    <ignored/>
  </testcase> <!-- verifyThatUploadedImageIsDisplayed -->
  <testcase name="verifyAddNewAUserToAdminUsersPageWorkingProperly" time="0.0" classname="testCases.AdminUsersPageTestCases">
    <ignored/>
  </testcase> <!-- verifyAddNewAUserToAdminUsersPageWorkingProperly -->
  <testcase name="verifyTitleOfManageExpense" time="0.0" classname="testCases.DashboardTestCases">
    <ignored/>
  </testcase> <!-- verifyTitleOfManageExpense -->
  <testcase name="verifyTheFirstSelectedElementWhileEditingTheState" time="0.0" classname="testCases.ManageLocationPageTestCases">
    <ignored/>
  </testcase> <!-- verifyTheFirstSelectedElementWhileEditingTheState -->
  <testcase name="newStyleValidation" time="0.0" classname="testCases.ManageDeliverBoyTestCases">
    <ignored/>
  </testcase> <!-- newStyleValidation -->
  <testcase name="verifyThatUploadedImageIsDisplayedFromRemote" time="0.0" classname="testCases.ManageProductPageTestCases">
    <ignored/>
  </testcase> <!-- verifyThatUploadedImageIsDisplayedFromRemote -->
  <testcase name="verifyTheAlertMsgText" time="0.0" classname="testCases.PushNotificationTestCases">
    <ignored/>
  </testcase> <!-- verifyTheAlertMsgText -->
  <testcase name="verifyTheSendBtnColor" time="0.0" classname="testCases.PushNotificationTestCases">
    <ignored/>
  </testcase> <!-- verifyTheSendBtnColor -->
  <testcase name="verifyThatOrderIdAndPaymentModeWhileClickingSearchOption" time="0.0" classname="testCases.ManageOrderPageTestCases">
    <ignored/>
  </testcase> <!-- verifyThatOrderIdAndPaymentModeWhileClickingSearchOption -->
  <testcase name="verifyTheActiveStatusCount" time="0.0" classname="testCases.ManageLocationPageTestCases">
    <ignored/>
  </testcase> <!-- verifyTheActiveStatusCount -->
  <testcase name="verifyTheMandatorySignClr" time="0.0" classname="testCases.PushNotificationTestCases">
    <ignored/>
  </testcase> <!-- verifyTheMandatorySignClr -->
  <testcase name="verifyTheChangeDeliveryDateOfSearchedOrder" time="0.0" classname="testCases.ManageOrderPageTestCases">
    <ignored/>
  </testcase> <!-- verifyTheChangeDeliveryDateOfSearchedOrder -->
</testsuite> <!-- My Test -->
