<?xml version="1.0" encoding="UTF-8"?>
<testng-results skipped="0" failed="0" ignored="2" total="3" passed="1">
  <reporter-output>
  </reporter-output>
  <suite name="TestRunnerSuite" duration-ms="29442" started-at="2022-12-22T12:28:29 IST" finished-at="2022-12-22T12:28:59 IST">
    <groups>
    </groups>
    <test name="MySecondTest" duration-ms="29442" started-at="2022-12-22T12:28:29 IST" finished-at="2022-12-22T12:28:59 IST">
      <class name="testCases.ManageOrderPageTestCases">
        <test-method status="PASS" signature="beforeMethod(java.lang.String)[pri:0, instance:testCases.ManageOrderPageTestCases@74ad1f1f]" name="beforeMethod" is-config="true" duration-ms="20903" started-at="2022-12-22T12:28:30 IST" finished-at="2022-12-22T12:28:50 IST">
          <params>
            <param index="0">
              <value>
                <![CDATA[chrome]]>
              </value>
            </param>
          </params>
          <reporter-output>
          </reporter-output>
        </test-method> <!-- beforeMethod -->
        <test-method status="PASS" signature="getalloptions()[pri:0, instance:testCases.ManageOrderPageTestCases@74ad1f1f]" name="getalloptions" duration-ms="7825" started-at="2022-12-22T12:28:50 IST" finished-at="2022-12-22T12:28:58 IST">
          <reporter-output>
          </reporter-output>
        </test-method> <!-- getalloptions -->
        <test-method status="PASS" signature="afterMethod(org.testng.ITestResult)[pri:0, instance:testCases.ManageOrderPageTestCases@74ad1f1f]" name="afterMethod" is-config="true" duration-ms="606" started-at="2022-12-22T12:28:58 IST" finished-at="2022-12-22T12:28:59 IST">
          <params>
            <param index="0">
              <value>
                <![CDATA[[TestResult name=getalloptions status=SUCCESS method=ManageOrderPageTestCases.getalloptions()[pri:0, instance:testCases.ManageOrderPageTestCases@74ad1f1f] output={null}]]]>
              </value>
            </param>
          </params>
          <reporter-output>
          </reporter-output>
        </test-method> <!-- afterMethod -->
      </class> <!-- testCases.ManageOrderPageTestCases -->
    </test> <!-- MySecondTest -->
  </suite> <!-- TestRunnerSuite -->
</testng-results>
